2018-05-05 01:01:23 [scrapy.utils.log] INFO: Scrapy 1.5.0 started (bot: douban)
2018-05-05 01:01:23 [scrapy.utils.log] INFO: Versions: lxml 4.2.1.0, libxml2 2.9.8, cssselect 1.0.3, parsel 1.4.0, w3lib 1.19.0, Twisted 18.4.0, Python 2.7.12 (default, Dec  4 2017, 14:50:18) - [GCC 5.4.0 20160609], pyOpenSSL 17.5.0 (OpenSSL 1.1.0h  27 Mar 2018), cryptography 2.2.2, Platform Linux-4.13.0-39-generic-x86_64-with-Ubuntu-16.04-xenial
2018-05-05 01:01:23 [scrapy.crawler] INFO: Overridden settings: {'NEWSPIDER_MODULE': 'douban.spiders', 'SPIDER_MODULES': ['douban.spiders'], 'BOT_NAME': 'douban', 'COOKIES_ENABLED': False, 'USER_AGENT': 'Mozilla/5.0 (Macintosh; Intel Mac OS X 10_13_3) AppleWebKit/537.36 (KHTML, like Gecko) Chrome/66.0.3359.139 Safari/537.36', 'LOG_FILE': 'douban.log'}
2018-05-05 01:01:23 [scrapy.middleware] INFO: Enabled extensions:
['scrapy.extensions.memusage.MemoryUsage',
 'scrapy.extensions.logstats.LogStats',
 'scrapy.extensions.telnet.TelnetConsole',
 'scrapy.extensions.corestats.CoreStats']
2018-05-05 01:01:23 [scrapy.middleware] INFO: Enabled downloader middlewares:
['douban.middlewares.RandomUserAgent',
 'douban.middlewares.RandomProxy',
 'scrapy.downloadermiddlewares.httpauth.HttpAuthMiddleware',
 'scrapy.downloadermiddlewares.downloadtimeout.DownloadTimeoutMiddleware',
 'scrapy.downloadermiddlewares.defaultheaders.DefaultHeadersMiddleware',
 'scrapy.downloadermiddlewares.useragent.UserAgentMiddleware',
 'scrapy.downloadermiddlewares.retry.RetryMiddleware',
 'scrapy.downloadermiddlewares.redirect.MetaRefreshMiddleware',
 'scrapy.downloadermiddlewares.httpcompression.HttpCompressionMiddleware',
 'scrapy.downloadermiddlewares.redirect.RedirectMiddleware',
 'scrapy.downloadermiddlewares.httpproxy.HttpProxyMiddleware',
 'scrapy.downloadermiddlewares.stats.DownloaderStats']
2018-05-05 01:01:23 [scrapy.middleware] INFO: Enabled spider middlewares:
['scrapy.spidermiddlewares.httperror.HttpErrorMiddleware',
 'scrapy.spidermiddlewares.offsite.OffsiteMiddleware',
 'scrapy.spidermiddlewares.referer.RefererMiddleware',
 'scrapy.spidermiddlewares.urllength.UrlLengthMiddleware',
 'scrapy.spidermiddlewares.depth.DepthMiddleware']
2018-05-05 01:01:23 [scrapy.middleware] INFO: Enabled item pipelines:
['douban.pipelines.DoubanPipeline']
2018-05-05 01:01:23 [scrapy.core.engine] INFO: Spider opened
2018-05-05 01:01:23 [scrapy.extensions.logstats] INFO: Crawled 0 pages (at 0 pages/min), scraped 0 items (at 0 items/min)
2018-05-05 01:01:23 [scrapy.extensions.telnet] DEBUG: Telnet console listening on 127.0.0.1:6023
2018-05-05 01:01:23 [scrapy.core.engine] DEBUG: Crawled (200) <GET https://movie.douban.com/top250?start=0> (referer: None)
2018-05-05 01:01:23 [scrapy.core.engine] INFO: Closing spider (finished)
2018-05-05 01:01:23 [scrapy.statscollectors] INFO: Dumping Scrapy stats:
{'downloader/request_bytes': 316,
 'downloader/request_count': 1,
 'downloader/request_method_count/GET': 1,
 'downloader/response_bytes': 12872,
 'downloader/response_count': 1,
 'downloader/response_status_count/200': 1,
 'finish_reason': 'finished',
 'finish_time': datetime.datetime(2018, 5, 5, 8, 1, 23, 914791),
 'log_count/DEBUG': 2,
 'log_count/INFO': 7,
 'memusage/max': 54075392,
 'memusage/startup': 54075392,
 'response_received_count': 1,
 'scheduler/dequeued': 1,
 'scheduler/dequeued/memory': 1,
 'scheduler/enqueued': 1,
 'scheduler/enqueued/memory': 1,
 'start_time': datetime.datetime(2018, 5, 5, 8, 1, 23, 478960)}
2018-05-05 01:01:23 [scrapy.core.engine] INFO: Spider closed (finished)
2018-05-05 01:01:27 [scrapy.utils.log] INFO: Scrapy 1.5.0 started (bot: douban)
2018-05-05 01:01:27 [scrapy.utils.log] INFO: Versions: lxml 4.2.1.0, libxml2 2.9.8, cssselect 1.0.3, parsel 1.4.0, w3lib 1.19.0, Twisted 18.4.0, Python 2.7.12 (default, Dec  4 2017, 14:50:18) - [GCC 5.4.0 20160609], pyOpenSSL 17.5.0 (OpenSSL 1.1.0h  27 Mar 2018), cryptography 2.2.2, Platform Linux-4.13.0-39-generic-x86_64-with-Ubuntu-16.04-xenial
2018-05-05 01:01:27 [scrapy.crawler] INFO: Overridden settings: {'NEWSPIDER_MODULE': 'douban.spiders', 'SPIDER_MODULES': ['douban.spiders'], 'BOT_NAME': 'douban', 'COOKIES_ENABLED': False, 'USER_AGENT': 'Mozilla/5.0 (Macintosh; Intel Mac OS X 10_13_3) AppleWebKit/537.36 (KHTML, like Gecko) Chrome/66.0.3359.139 Safari/537.36', 'LOG_FILE': 'douban.log'}
2018-05-05 01:01:28 [scrapy.middleware] INFO: Enabled extensions:
['scrapy.extensions.memusage.MemoryUsage',
 'scrapy.extensions.logstats.LogStats',
 'scrapy.extensions.telnet.TelnetConsole',
 'scrapy.extensions.corestats.CoreStats']
2018-05-05 01:01:28 [scrapy.middleware] INFO: Enabled downloader middlewares:
['douban.middlewares.RandomUserAgent',
 'douban.middlewares.RandomProxy',
 'scrapy.downloadermiddlewares.httpauth.HttpAuthMiddleware',
 'scrapy.downloadermiddlewares.downloadtimeout.DownloadTimeoutMiddleware',
 'scrapy.downloadermiddlewares.defaultheaders.DefaultHeadersMiddleware',
 'scrapy.downloadermiddlewares.useragent.UserAgentMiddleware',
 'scrapy.downloadermiddlewares.retry.RetryMiddleware',
 'scrapy.downloadermiddlewares.redirect.MetaRefreshMiddleware',
 'scrapy.downloadermiddlewares.httpcompression.HttpCompressionMiddleware',
 'scrapy.downloadermiddlewares.redirect.RedirectMiddleware',
 'scrapy.downloadermiddlewares.httpproxy.HttpProxyMiddleware',
 'scrapy.downloadermiddlewares.stats.DownloaderStats']
2018-05-05 01:01:28 [scrapy.middleware] INFO: Enabled spider middlewares:
['scrapy.spidermiddlewares.httperror.HttpErrorMiddleware',
 'scrapy.spidermiddlewares.offsite.OffsiteMiddleware',
 'scrapy.spidermiddlewares.referer.RefererMiddleware',
 'scrapy.spidermiddlewares.urllength.UrlLengthMiddleware',
 'scrapy.spidermiddlewares.depth.DepthMiddleware']
2018-05-05 01:01:28 [scrapy.middleware] INFO: Enabled item pipelines:
['douban.pipelines.DoubanPipeline']
2018-05-05 01:01:28 [scrapy.core.engine] INFO: Spider opened
2018-05-05 01:01:28 [scrapy.extensions.logstats] INFO: Crawled 0 pages (at 0 pages/min), scraped 0 items (at 0 items/min)
2018-05-05 01:01:28 [scrapy.extensions.telnet] DEBUG: Telnet console listening on 127.0.0.1:6023
2018-05-05 01:01:28 [scrapy.core.engine] DEBUG: Crawled (200) <GET https://movie.douban.com/top250?start=0> (referer: None)
2018-05-05 01:01:28 [scrapy.core.engine] INFO: Closing spider (finished)
2018-05-05 01:01:28 [scrapy.statscollectors] INFO: Dumping Scrapy stats:
{'downloader/request_bytes': 316,
 'downloader/request_count': 1,
 'downloader/request_method_count/GET': 1,
 'downloader/response_bytes': 12873,
 'downloader/response_count': 1,
 'downloader/response_status_count/200': 1,
 'finish_reason': 'finished',
 'finish_time': datetime.datetime(2018, 5, 5, 8, 1, 28, 798027),
 'log_count/DEBUG': 2,
 'log_count/INFO': 7,
 'memusage/max': 54140928,
 'memusage/startup': 54140928,
 'response_received_count': 1,
 'scheduler/dequeued': 1,
 'scheduler/dequeued/memory': 1,
 'scheduler/enqueued': 1,
 'scheduler/enqueued/memory': 1,
 'start_time': datetime.datetime(2018, 5, 5, 8, 1, 28, 107915)}
2018-05-05 01:01:28 [scrapy.core.engine] INFO: Spider closed (finished)
2018-05-05 01:02:37 [scrapy.utils.log] INFO: Scrapy 1.5.0 started (bot: douban)
2018-05-05 01:02:37 [scrapy.utils.log] INFO: Versions: lxml 4.2.1.0, libxml2 2.9.8, cssselect 1.0.3, parsel 1.4.0, w3lib 1.19.0, Twisted 18.4.0, Python 2.7.12 (default, Dec  4 2017, 14:50:18) - [GCC 5.4.0 20160609], pyOpenSSL 17.5.0 (OpenSSL 1.1.0h  27 Mar 2018), cryptography 2.2.2, Platform Linux-4.13.0-39-generic-x86_64-with-Ubuntu-16.04-xenial
2018-05-05 01:02:37 [scrapy.crawler] INFO: Overridden settings: {'NEWSPIDER_MODULE': 'douban.spiders', 'SPIDER_MODULES': ['douban.spiders'], 'BOT_NAME': 'douban', 'COOKIES_ENABLED': False, 'USER_AGENT': 'Mozilla/5.0 (Macintosh; Intel Mac OS X 10_13_3) AppleWebKit/537.36 (KHTML, like Gecko) Chrome/66.0.3359.139 Safari/537.36', 'LOG_FILE': 'douban.log'}
2018-05-05 01:02:37 [scrapy.middleware] INFO: Enabled extensions:
['scrapy.extensions.memusage.MemoryUsage',
 'scrapy.extensions.logstats.LogStats',
 'scrapy.extensions.telnet.TelnetConsole',
 'scrapy.extensions.corestats.CoreStats']
2018-05-05 01:02:37 [scrapy.middleware] INFO: Enabled downloader middlewares:
['douban.middlewares.RandomUserAgent',
 'douban.middlewares.RandomProxy',
 'scrapy.downloadermiddlewares.httpauth.HttpAuthMiddleware',
 'scrapy.downloadermiddlewares.downloadtimeout.DownloadTimeoutMiddleware',
 'scrapy.downloadermiddlewares.defaultheaders.DefaultHeadersMiddleware',
 'scrapy.downloadermiddlewares.useragent.UserAgentMiddleware',
 'scrapy.downloadermiddlewares.retry.RetryMiddleware',
 'scrapy.downloadermiddlewares.redirect.MetaRefreshMiddleware',
 'scrapy.downloadermiddlewares.httpcompression.HttpCompressionMiddleware',
 'scrapy.downloadermiddlewares.redirect.RedirectMiddleware',
 'scrapy.downloadermiddlewares.httpproxy.HttpProxyMiddleware',
 'scrapy.downloadermiddlewares.stats.DownloaderStats']
2018-05-05 01:02:37 [scrapy.middleware] INFO: Enabled spider middlewares:
['scrapy.spidermiddlewares.httperror.HttpErrorMiddleware',
 'scrapy.spidermiddlewares.offsite.OffsiteMiddleware',
 'scrapy.spidermiddlewares.referer.RefererMiddleware',
 'scrapy.spidermiddlewares.urllength.UrlLengthMiddleware',
 'scrapy.spidermiddlewares.depth.DepthMiddleware']
2018-05-05 01:02:37 [scrapy.middleware] INFO: Enabled item pipelines:
['douban.pipelines.DoubanPipeline']
2018-05-05 01:02:37 [scrapy.core.engine] INFO: Spider opened
2018-05-05 01:02:37 [scrapy.extensions.logstats] INFO: Crawled 0 pages (at 0 pages/min), scraped 0 items (at 0 items/min)
2018-05-05 01:02:37 [scrapy.extensions.telnet] DEBUG: Telnet console listening on 127.0.0.1:6023
2018-05-05 01:02:38 [scrapy.core.engine] DEBUG: Crawled (200) <GET https://movie.douban.com/top250?start=0> (referer: None)
2018-05-05 01:02:38 [scrapy.core.engine] DEBUG: Crawled (200) <GET https://movie.douban.com/top250?start=25> (referer: https://movie.douban.com/top250?start=0)
2018-05-05 01:02:38 [scrapy.core.engine] DEBUG: Crawled (200) <GET https://movie.douban.com/top250?start=50> (referer: https://movie.douban.com/top250?start=25)
2018-05-05 01:02:39 [scrapy.core.engine] DEBUG: Crawled (200) <GET https://movie.douban.com/top250?start=75> (referer: https://movie.douban.com/top250?start=50)
2018-05-05 01:02:39 [scrapy.core.engine] DEBUG: Crawled (200) <GET https://movie.douban.com/top250?start=100> (referer: https://movie.douban.com/top250?start=75)
2018-05-05 01:02:39 [scrapy.core.engine] DEBUG: Crawled (200) <GET https://movie.douban.com/top250?start=125> (referer: https://movie.douban.com/top250?start=100)
2018-05-05 01:02:39 [scrapy.core.engine] DEBUG: Crawled (200) <GET https://movie.douban.com/top250?start=150> (referer: https://movie.douban.com/top250?start=125)
2018-05-05 01:02:40 [scrapy.core.engine] DEBUG: Crawled (200) <GET https://movie.douban.com/top250?start=175> (referer: https://movie.douban.com/top250?start=150)
2018-05-05 01:02:40 [scrapy.core.engine] DEBUG: Crawled (200) <GET https://movie.douban.com/top250?start=200> (referer: https://movie.douban.com/top250?start=175)
2018-05-05 01:02:41 [scrapy.core.engine] DEBUG: Crawled (200) <GET https://movie.douban.com/top250?start=225> (referer: https://movie.douban.com/top250?start=200)
2018-05-05 01:02:41 [scrapy.core.engine] INFO: Closing spider (finished)
2018-05-05 01:02:41 [scrapy.statscollectors] INFO: Dumping Scrapy stats:
{'downloader/request_bytes': 3638,
 'downloader/request_count': 10,
 'downloader/request_method_count/GET': 10,
 'downloader/response_bytes': 129239,
 'downloader/response_count': 10,
 'downloader/response_status_count/200': 10,
 'finish_reason': 'finished',
 'finish_time': datetime.datetime(2018, 5, 5, 8, 2, 41, 217271),
 'log_count/DEBUG': 11,
 'log_count/INFO': 7,
 'memusage/max': 53993472,
 'memusage/startup': 53993472,
 'request_depth_max': 9,
 'response_received_count': 10,
 'scheduler/dequeued': 10,
 'scheduler/dequeued/memory': 10,
 'scheduler/enqueued': 10,
 'scheduler/enqueued/memory': 10,
 'start_time': datetime.datetime(2018, 5, 5, 8, 2, 37, 627957)}
2018-05-05 01:02:41 [scrapy.core.engine] INFO: Spider closed (finished)
2018-05-05 01:05:15 [scrapy.utils.log] INFO: Scrapy 1.5.0 started (bot: douban)
2018-05-05 01:05:15 [scrapy.utils.log] INFO: Versions: lxml 4.2.1.0, libxml2 2.9.8, cssselect 1.0.3, parsel 1.4.0, w3lib 1.19.0, Twisted 18.4.0, Python 2.7.12 (default, Dec  4 2017, 14:50:18) - [GCC 5.4.0 20160609], pyOpenSSL 17.5.0 (OpenSSL 1.1.0h  27 Mar 2018), cryptography 2.2.2, Platform Linux-4.13.0-39-generic-x86_64-with-Ubuntu-16.04-xenial
2018-05-05 01:05:15 [scrapy.crawler] INFO: Overridden settings: {'NEWSPIDER_MODULE': 'douban.spiders', 'SPIDER_MODULES': ['douban.spiders'], 'BOT_NAME': 'douban', 'COOKIES_ENABLED': False, 'USER_AGENT': 'Mozilla/5.0 (Macintosh; Intel Mac OS X 10_13_3) AppleWebKit/537.36 (KHTML, like Gecko) Chrome/66.0.3359.139 Safari/537.36', 'LOG_FILE': 'douban.log'}
2018-05-05 01:05:15 [scrapy.middleware] INFO: Enabled extensions:
['scrapy.extensions.memusage.MemoryUsage',
 'scrapy.extensions.logstats.LogStats',
 'scrapy.extensions.telnet.TelnetConsole',
 'scrapy.extensions.corestats.CoreStats']
2018-05-05 01:05:15 [scrapy.middleware] INFO: Enabled downloader middlewares:
['douban.middlewares.RandomUserAgent',
 'douban.middlewares.RandomProxy',
 'scrapy.downloadermiddlewares.httpauth.HttpAuthMiddleware',
 'scrapy.downloadermiddlewares.downloadtimeout.DownloadTimeoutMiddleware',
 'scrapy.downloadermiddlewares.defaultheaders.DefaultHeadersMiddleware',
 'scrapy.downloadermiddlewares.useragent.UserAgentMiddleware',
 'scrapy.downloadermiddlewares.retry.RetryMiddleware',
 'scrapy.downloadermiddlewares.redirect.MetaRefreshMiddleware',
 'scrapy.downloadermiddlewares.httpcompression.HttpCompressionMiddleware',
 'scrapy.downloadermiddlewares.redirect.RedirectMiddleware',
 'scrapy.downloadermiddlewares.httpproxy.HttpProxyMiddleware',
 'scrapy.downloadermiddlewares.stats.DownloaderStats']
2018-05-05 01:05:15 [scrapy.middleware] INFO: Enabled spider middlewares:
['scrapy.spidermiddlewares.httperror.HttpErrorMiddleware',
 'scrapy.spidermiddlewares.offsite.OffsiteMiddleware',
 'scrapy.spidermiddlewares.referer.RefererMiddleware',
 'scrapy.spidermiddlewares.urllength.UrlLengthMiddleware',
 'scrapy.spidermiddlewares.depth.DepthMiddleware']
2018-05-05 01:05:15 [scrapy.middleware] INFO: Enabled item pipelines:
['douban.pipelines.DoubanPipeline']
2018-05-05 01:05:15 [scrapy.core.engine] INFO: Spider opened
2018-05-05 01:05:15 [scrapy.extensions.logstats] INFO: Crawled 0 pages (at 0 pages/min), scraped 0 items (at 0 items/min)
2018-05-05 01:05:15 [scrapy.extensions.telnet] DEBUG: Telnet console listening on 127.0.0.1:6023
2018-05-05 01:05:16 [scrapy.core.engine] DEBUG: Crawled (200) <GET https://movie.douban.com/top250?start=0> (referer: None)
2018-05-05 01:05:16 [scrapy.core.engine] DEBUG: Crawled (200) <GET https://movie.douban.com/top250?start=25> (referer: https://movie.douban.com/top250?start=0)
2018-05-05 01:05:16 [scrapy.core.engine] DEBUG: Crawled (200) <GET https://movie.douban.com/top250?start=50> (referer: https://movie.douban.com/top250?start=25)
2018-05-05 01:05:17 [scrapy.core.engine] DEBUG: Crawled (200) <GET https://movie.douban.com/top250?start=75> (referer: https://movie.douban.com/top250?start=50)
2018-05-05 01:05:17 [scrapy.core.engine] DEBUG: Crawled (200) <GET https://movie.douban.com/top250?start=100> (referer: https://movie.douban.com/top250?start=75)
2018-05-05 01:05:18 [scrapy.core.engine] DEBUG: Crawled (200) <GET https://movie.douban.com/top250?start=125> (referer: https://movie.douban.com/top250?start=100)
2018-05-05 01:05:18 [scrapy.core.engine] DEBUG: Crawled (200) <GET https://movie.douban.com/top250?start=150> (referer: https://movie.douban.com/top250?start=125)
2018-05-05 01:05:19 [scrapy.core.engine] DEBUG: Crawled (200) <GET https://movie.douban.com/top250?start=175> (referer: https://movie.douban.com/top250?start=150)
2018-05-05 01:05:19 [scrapy.core.engine] DEBUG: Crawled (200) <GET https://movie.douban.com/top250?start=200> (referer: https://movie.douban.com/top250?start=175)
2018-05-05 01:05:20 [scrapy.core.engine] DEBUG: Crawled (200) <GET https://movie.douban.com/top250?start=225> (referer: https://movie.douban.com/top250?start=200)
2018-05-05 01:05:20 [scrapy.core.engine] INFO: Closing spider (finished)
2018-05-05 01:05:20 [scrapy.statscollectors] INFO: Dumping Scrapy stats:
{'downloader/request_bytes': 3548,
 'downloader/request_count': 10,
 'downloader/request_method_count/GET': 10,
 'downloader/response_bytes': 129376,
 'downloader/response_count': 10,
 'downloader/response_status_count/200': 10,
 'finish_reason': 'finished',
 'finish_time': datetime.datetime(2018, 5, 5, 8, 5, 20, 609028),
 'log_count/DEBUG': 11,
 'log_count/INFO': 7,
 'memusage/max': 54337536,
 'memusage/startup': 54337536,
 'request_depth_max': 9,
 'response_received_count': 10,
 'scheduler/dequeued': 10,
 'scheduler/dequeued/memory': 10,
 'scheduler/enqueued': 10,
 'scheduler/enqueued/memory': 10,
 'start_time': datetime.datetime(2018, 5, 5, 8, 5, 15, 497582)}
2018-05-05 01:05:20 [scrapy.core.engine] INFO: Spider closed (finished)
