2018-05-04 01:58:27 [scrapy.utils.log] INFO: Scrapy 1.5.0 started (bot: TencentSpider)
2018-05-04 01:58:27 [scrapy.utils.log] INFO: Versions: lxml 4.2.1.0, libxml2 2.9.8, cssselect 1.0.3, parsel 1.4.0, w3lib 1.19.0, Twisted 18.4.0, Python 2.7.12 (default, Dec  4 2017, 14:50:18) - [GCC 5.4.0 20160609], pyOpenSSL 17.5.0 (OpenSSL 1.1.0h  27 Mar 2018), cryptography 2.2.2, Platform Linux-4.13.0-39-generic-x86_64-with-Ubuntu-16.04-xenial
2018-05-04 01:58:27 [scrapy.crawler] INFO: Overridden settings: {'NEWSPIDER_MODULE': 'TencentSpider.spiders', 'ROBOTSTXT_OBEY': True, 'LOG_LEVEL': 'INFO', 'SPIDER_MODULES': ['TencentSpider.spiders'], 'BOT_NAME': 'TencentSpider', 'LOG_FILE': 'tencentlog.log'}
2018-05-04 01:58:27 [scrapy.middleware] INFO: Enabled extensions:
['scrapy.extensions.memusage.MemoryUsage',
 'scrapy.extensions.logstats.LogStats',
 'scrapy.extensions.telnet.TelnetConsole',
 'scrapy.extensions.corestats.CoreStats']
2018-05-04 01:58:27 [scrapy.middleware] INFO: Enabled downloader middlewares:
['scrapy.downloadermiddlewares.robotstxt.RobotsTxtMiddleware',
 'scrapy.downloadermiddlewares.httpauth.HttpAuthMiddleware',
 'scrapy.downloadermiddlewares.downloadtimeout.DownloadTimeoutMiddleware',
 'scrapy.downloadermiddlewares.defaultheaders.DefaultHeadersMiddleware',
 'scrapy.downloadermiddlewares.useragent.UserAgentMiddleware',
 'scrapy.downloadermiddlewares.retry.RetryMiddleware',
 'scrapy.downloadermiddlewares.redirect.MetaRefreshMiddleware',
 'scrapy.downloadermiddlewares.httpcompression.HttpCompressionMiddleware',
 'scrapy.downloadermiddlewares.redirect.RedirectMiddleware',
 'scrapy.downloadermiddlewares.cookies.CookiesMiddleware',
 'scrapy.downloadermiddlewares.httpproxy.HttpProxyMiddleware',
 'scrapy.downloadermiddlewares.stats.DownloaderStats']
2018-05-04 01:58:27 [scrapy.middleware] INFO: Enabled spider middlewares:
['scrapy.spidermiddlewares.httperror.HttpErrorMiddleware',
 'scrapy.spidermiddlewares.offsite.OffsiteMiddleware',
 'scrapy.spidermiddlewares.referer.RefererMiddleware',
 'scrapy.spidermiddlewares.urllength.UrlLengthMiddleware',
 'scrapy.spidermiddlewares.depth.DepthMiddleware']
2018-05-04 01:58:27 [scrapy.middleware] INFO: Enabled item pipelines:
['TencentSpider.pipelines.TencentPipeline']
2018-05-04 01:58:27 [scrapy.core.engine] INFO: Spider opened
2018-05-04 01:58:27 [scrapy.extensions.logstats] INFO: Crawled 0 pages (at 0 pages/min), scraped 0 items (at 0 items/min)
2018-05-04 01:58:29 [scrapy.core.scraper] ERROR: Spider error processing <GET https://hr.tencent.com/position.php?&start=3890#a> (referer: https://hr.tencent.com/position.php?&start=3920)
Traceback (most recent call last):
  File "/home/yang/python/python2/h1/local/lib/python2.7/site-packages/scrapy/utils/defer.py", line 102, in iter_errback
    yield next(it)
  File "/home/yang/python/python2/h1/local/lib/python2.7/site-packages/scrapy/spidermiddlewares/offsite.py", line 30, in process_spider_output
    for x in result:
  File "/home/yang/python/python2/h1/local/lib/python2.7/site-packages/scrapy/spidermiddlewares/referer.py", line 339, in <genexpr>
    return (_set_referer(r) for r in result or ())
  File "/home/yang/python/python2/h1/local/lib/python2.7/site-packages/scrapy/spidermiddlewares/urllength.py", line 37, in <genexpr>
    return (r for r in result or () if _filter(r))
  File "/home/yang/python/python2/h1/local/lib/python2.7/site-packages/scrapy/spidermiddlewares/depth.py", line 58, in <genexpr>
    return (r for r in result or () if _filter(r))
  File "/home/yang/python/python2/h1/local/lib/python2.7/site-packages/scrapy/spiders/crawl.py", line 78, in _parse_response
    for requests_or_item in iterate_spider_output(cb_res):
  File "/home/yang/python/projects/TencentSpider/TencentSpider/spiders/tencent.py", line 31, in parseTencent
    item['positionType'] = each.xpath('./td[2]/text()').extract()[0]
IndexError: list index out of range
2018-05-04 01:58:30 [scrapy.core.scraper] ERROR: Spider error processing <GET https://hr.tencent.com/position.php?&start=3760#a> (referer: https://hr.tencent.com/position.php?&start=3800)
Traceback (most recent call last):
  File "/home/yang/python/python2/h1/local/lib/python2.7/site-packages/scrapy/utils/defer.py", line 102, in iter_errback
    yield next(it)
  File "/home/yang/python/python2/h1/local/lib/python2.7/site-packages/scrapy/spidermiddlewares/offsite.py", line 30, in process_spider_output
    for x in result:
  File "/home/yang/python/python2/h1/local/lib/python2.7/site-packages/scrapy/spidermiddlewares/referer.py", line 339, in <genexpr>
    return (_set_referer(r) for r in result or ())
  File "/home/yang/python/python2/h1/local/lib/python2.7/site-packages/scrapy/spidermiddlewares/urllength.py", line 37, in <genexpr>
    return (r for r in result or () if _filter(r))
  File "/home/yang/python/python2/h1/local/lib/python2.7/site-packages/scrapy/spidermiddlewares/depth.py", line 58, in <genexpr>
    return (r for r in result or () if _filter(r))
  File "/home/yang/python/python2/h1/local/lib/python2.7/site-packages/scrapy/spiders/crawl.py", line 78, in _parse_response
    for requests_or_item in iterate_spider_output(cb_res):
  File "/home/yang/python/projects/TencentSpider/TencentSpider/spiders/tencent.py", line 31, in parseTencent
    item['positionType'] = each.xpath('./td[2]/text()').extract()[0]
IndexError: list index out of range
2018-05-04 01:58:31 [scrapy.core.scraper] ERROR: Spider error processing <GET https://hr.tencent.com/position.php?&start=3660#a> (referer: https://hr.tencent.com/position.php?&start=3700)
Traceback (most recent call last):
  File "/home/yang/python/python2/h1/local/lib/python2.7/site-packages/scrapy/utils/defer.py", line 102, in iter_errback
    yield next(it)
  File "/home/yang/python/python2/h1/local/lib/python2.7/site-packages/scrapy/spidermiddlewares/offsite.py", line 30, in process_spider_output
    for x in result:
  File "/home/yang/python/python2/h1/local/lib/python2.7/site-packages/scrapy/spidermiddlewares/referer.py", line 339, in <genexpr>
    return (_set_referer(r) for r in result or ())
  File "/home/yang/python/python2/h1/local/lib/python2.7/site-packages/scrapy/spidermiddlewares/urllength.py", line 37, in <genexpr>
    return (r for r in result or () if _filter(r))
  File "/home/yang/python/python2/h1/local/lib/python2.7/site-packages/scrapy/spidermiddlewares/depth.py", line 58, in <genexpr>
    return (r for r in result or () if _filter(r))
  File "/home/yang/python/python2/h1/local/lib/python2.7/site-packages/scrapy/spiders/crawl.py", line 78, in _parse_response
    for requests_or_item in iterate_spider_output(cb_res):
  File "/home/yang/python/projects/TencentSpider/TencentSpider/spiders/tencent.py", line 31, in parseTencent
    item['positionType'] = each.xpath('./td[2]/text()').extract()[0]
IndexError: list index out of range
2018-05-04 01:58:31 [scrapy.core.scraper] ERROR: Spider error processing <GET https://hr.tencent.com/position.php?&start=3620#a> (referer: https://hr.tencent.com/position.php?&start=3650)
Traceback (most recent call last):
  File "/home/yang/python/python2/h1/local/lib/python2.7/site-packages/scrapy/utils/defer.py", line 102, in iter_errback
    yield next(it)
  File "/home/yang/python/python2/h1/local/lib/python2.7/site-packages/scrapy/spidermiddlewares/offsite.py", line 30, in process_spider_output
    for x in result:
  File "/home/yang/python/python2/h1/local/lib/python2.7/site-packages/scrapy/spidermiddlewares/referer.py", line 339, in <genexpr>
    return (_set_referer(r) for r in result or ())
  File "/home/yang/python/python2/h1/local/lib/python2.7/site-packages/scrapy/spidermiddlewares/urllength.py", line 37, in <genexpr>
    return (r for r in result or () if _filter(r))
  File "/home/yang/python/python2/h1/local/lib/python2.7/site-packages/scrapy/spidermiddlewares/depth.py", line 58, in <genexpr>
    return (r for r in result or () if _filter(r))
  File "/home/yang/python/python2/h1/local/lib/python2.7/site-packages/scrapy/spiders/crawl.py", line 78, in _parse_response
    for requests_or_item in iterate_spider_output(cb_res):
  File "/home/yang/python/projects/TencentSpider/TencentSpider/spiders/tencent.py", line 31, in parseTencent
    item['positionType'] = each.xpath('./td[2]/text()').extract()[0]
IndexError: list index out of range
2018-05-04 01:58:32 [scrapy.core.scraper] ERROR: Spider error processing <GET https://hr.tencent.com/position.php?&start=3590#a> (referer: https://hr.tencent.com/position.php?&start=3630)
Traceback (most recent call last):
  File "/home/yang/python/python2/h1/local/lib/python2.7/site-packages/scrapy/utils/defer.py", line 102, in iter_errback
    yield next(it)
  File "/home/yang/python/python2/h1/local/lib/python2.7/site-packages/scrapy/spidermiddlewares/offsite.py", line 30, in process_spider_output
    for x in result:
  File "/home/yang/python/python2/h1/local/lib/python2.7/site-packages/scrapy/spidermiddlewares/referer.py", line 339, in <genexpr>
    return (_set_referer(r) for r in result or ())
  File "/home/yang/python/python2/h1/local/lib/python2.7/site-packages/scrapy/spidermiddlewares/urllength.py", line 37, in <genexpr>
    return (r for r in result or () if _filter(r))
  File "/home/yang/python/python2/h1/local/lib/python2.7/site-packages/scrapy/spidermiddlewares/depth.py", line 58, in <genexpr>
    return (r for r in result or () if _filter(r))
  File "/home/yang/python/python2/h1/local/lib/python2.7/site-packages/scrapy/spiders/crawl.py", line 78, in _parse_response
    for requests_or_item in iterate_spider_output(cb_res):
  File "/home/yang/python/projects/TencentSpider/TencentSpider/spiders/tencent.py", line 31, in parseTencent
    item['positionType'] = each.xpath('./td[2]/text()').extract()[0]
IndexError: list index out of range
2018-05-04 01:58:32 [scrapy.core.scraper] ERROR: Spider error processing <GET https://hr.tencent.com/position.php?&start=330#a> (referer: https://hr.tencent.com/position.php?&start=300)
Traceback (most recent call last):
  File "/home/yang/python/python2/h1/local/lib/python2.7/site-packages/scrapy/utils/defer.py", line 102, in iter_errback
    yield next(it)
  File "/home/yang/python/python2/h1/local/lib/python2.7/site-packages/scrapy/spidermiddlewares/offsite.py", line 30, in process_spider_output
    for x in result:
  File "/home/yang/python/python2/h1/local/lib/python2.7/site-packages/scrapy/spidermiddlewares/referer.py", line 339, in <genexpr>
    return (_set_referer(r) for r in result or ())
  File "/home/yang/python/python2/h1/local/lib/python2.7/site-packages/scrapy/spidermiddlewares/urllength.py", line 37, in <genexpr>
    return (r for r in result or () if _filter(r))
  File "/home/yang/python/python2/h1/local/lib/python2.7/site-packages/scrapy/spidermiddlewares/depth.py", line 58, in <genexpr>
    return (r for r in result or () if _filter(r))
  File "/home/yang/python/python2/h1/local/lib/python2.7/site-packages/scrapy/spiders/crawl.py", line 78, in _parse_response
    for requests_or_item in iterate_spider_output(cb_res):
  File "/home/yang/python/projects/TencentSpider/TencentSpider/spiders/tencent.py", line 31, in parseTencent
    item['positionType'] = each.xpath('./td[2]/text()').extract()[0]
IndexError: list index out of range
2018-05-04 01:58:32 [scrapy.core.scraper] ERROR: Spider error processing <GET https://hr.tencent.com/position.php?&start=3560#a> (referer: https://hr.tencent.com/position.php?&start=3600)
Traceback (most recent call last):
  File "/home/yang/python/python2/h1/local/lib/python2.7/site-packages/scrapy/utils/defer.py", line 102, in iter_errback
    yield next(it)
  File "/home/yang/python/python2/h1/local/lib/python2.7/site-packages/scrapy/spidermiddlewares/offsite.py", line 30, in process_spider_output
    for x in result:
  File "/home/yang/python/python2/h1/local/lib/python2.7/site-packages/scrapy/spidermiddlewares/referer.py", line 339, in <genexpr>
    return (_set_referer(r) for r in result or ())
  File "/home/yang/python/python2/h1/local/lib/python2.7/site-packages/scrapy/spidermiddlewares/urllength.py", line 37, in <genexpr>
    return (r for r in result or () if _filter(r))
  File "/home/yang/python/python2/h1/local/lib/python2.7/site-packages/scrapy/spidermiddlewares/depth.py", line 58, in <genexpr>
    return (r for r in result or () if _filter(r))
  File "/home/yang/python/python2/h1/local/lib/python2.7/site-packages/scrapy/spiders/crawl.py", line 78, in _parse_response
    for requests_or_item in iterate_spider_output(cb_res):
  File "/home/yang/python/projects/TencentSpider/TencentSpider/spiders/tencent.py", line 31, in parseTencent
    item['positionType'] = each.xpath('./td[2]/text()').extract()[0]
IndexError: list index out of range
2018-05-04 01:58:33 [scrapy.core.scraper] ERROR: Spider error processing <GET https://hr.tencent.com/position.php?&start=3510#a> (referer: https://hr.tencent.com/position.php?&start=3540)
Traceback (most recent call last):
  File "/home/yang/python/python2/h1/local/lib/python2.7/site-packages/scrapy/utils/defer.py", line 102, in iter_errback
    yield next(it)
  File "/home/yang/python/python2/h1/local/lib/python2.7/site-packages/scrapy/spidermiddlewares/offsite.py", line 30, in process_spider_output
    for x in result:
  File "/home/yang/python/python2/h1/local/lib/python2.7/site-packages/scrapy/spidermiddlewares/referer.py", line 339, in <genexpr>
    return (_set_referer(r) for r in result or ())
  File "/home/yang/python/python2/h1/local/lib/python2.7/site-packages/scrapy/spidermiddlewares/urllength.py", line 37, in <genexpr>
    return (r for r in result or () if _filter(r))
  File "/home/yang/python/python2/h1/local/lib/python2.7/site-packages/scrapy/spidermiddlewares/depth.py", line 58, in <genexpr>
    return (r for r in result or () if _filter(r))
  File "/home/yang/python/python2/h1/local/lib/python2.7/site-packages/scrapy/spiders/crawl.py", line 78, in _parse_response
    for requests_or_item in iterate_spider_output(cb_res):
  File "/home/yang/python/projects/TencentSpider/TencentSpider/spiders/tencent.py", line 31, in parseTencent
    item['positionType'] = each.xpath('./td[2]/text()').extract()[0]
IndexError: list index out of range
2018-05-04 01:58:33 [scrapy.core.scraper] ERROR: Spider error processing <GET https://hr.tencent.com/position.php?&start=450#a> (referer: https://hr.tencent.com/position.php?&start=420)
Traceback (most recent call last):
  File "/home/yang/python/python2/h1/local/lib/python2.7/site-packages/scrapy/utils/defer.py", line 102, in iter_errback
    yield next(it)
  File "/home/yang/python/python2/h1/local/lib/python2.7/site-packages/scrapy/spidermiddlewares/offsite.py", line 30, in process_spider_output
    for x in result:
  File "/home/yang/python/python2/h1/local/lib/python2.7/site-packages/scrapy/spidermiddlewares/referer.py", line 339, in <genexpr>
    return (_set_referer(r) for r in result or ())
  File "/home/yang/python/python2/h1/local/lib/python2.7/site-packages/scrapy/spidermiddlewares/urllength.py", line 37, in <genexpr>
    return (r for r in result or () if _filter(r))
  File "/home/yang/python/python2/h1/local/lib/python2.7/site-packages/scrapy/spidermiddlewares/depth.py", line 58, in <genexpr>
    return (r for r in result or () if _filter(r))
  File "/home/yang/python/python2/h1/local/lib/python2.7/site-packages/scrapy/spiders/crawl.py", line 78, in _parse_response
    for requests_or_item in iterate_spider_output(cb_res):
  File "/home/yang/python/projects/TencentSpider/TencentSpider/spiders/tencent.py", line 31, in parseTencent
    item['positionType'] = each.xpath('./td[2]/text()').extract()[0]
IndexError: list index out of range
2018-05-04 01:58:35 [scrapy.core.scraper] ERROR: Spider error processing <GET https://hr.tencent.com/position.php?&start=560#a> (referer: https://hr.tencent.com/position.php?&start=530)
Traceback (most recent call last):
  File "/home/yang/python/python2/h1/local/lib/python2.7/site-packages/scrapy/utils/defer.py", line 102, in iter_errback
    yield next(it)
  File "/home/yang/python/python2/h1/local/lib/python2.7/site-packages/scrapy/spidermiddlewares/offsite.py", line 30, in process_spider_output
    for x in result:
  File "/home/yang/python/python2/h1/local/lib/python2.7/site-packages/scrapy/spidermiddlewares/referer.py", line 339, in <genexpr>
    return (_set_referer(r) for r in result or ())
  File "/home/yang/python/python2/h1/local/lib/python2.7/site-packages/scrapy/spidermiddlewares/urllength.py", line 37, in <genexpr>
    return (r for r in result or () if _filter(r))
  File "/home/yang/python/python2/h1/local/lib/python2.7/site-packages/scrapy/spidermiddlewares/depth.py", line 58, in <genexpr>
    return (r for r in result or () if _filter(r))
  File "/home/yang/python/python2/h1/local/lib/python2.7/site-packages/scrapy/spiders/crawl.py", line 78, in _parse_response
    for requests_or_item in iterate_spider_output(cb_res):
  File "/home/yang/python/projects/TencentSpider/TencentSpider/spiders/tencent.py", line 31, in parseTencent
    item['positionType'] = each.xpath('./td[2]/text()').extract()[0]
IndexError: list index out of range
2018-05-04 01:58:35 [scrapy.core.scraper] ERROR: Spider error processing <GET https://hr.tencent.com/position.php?&start=3280#a> (referer: https://hr.tencent.com/position.php?&start=3320)
Traceback (most recent call last):
  File "/home/yang/python/python2/h1/local/lib/python2.7/site-packages/scrapy/utils/defer.py", line 102, in iter_errback
    yield next(it)
  File "/home/yang/python/python2/h1/local/lib/python2.7/site-packages/scrapy/spidermiddlewares/offsite.py", line 30, in process_spider_output
    for x in result:
  File "/home/yang/python/python2/h1/local/lib/python2.7/site-packages/scrapy/spidermiddlewares/referer.py", line 339, in <genexpr>
    return (_set_referer(r) for r in result or ())
  File "/home/yang/python/python2/h1/local/lib/python2.7/site-packages/scrapy/spidermiddlewares/urllength.py", line 37, in <genexpr>
    return (r for r in result or () if _filter(r))
  File "/home/yang/python/python2/h1/local/lib/python2.7/site-packages/scrapy/spidermiddlewares/depth.py", line 58, in <genexpr>
    return (r for r in result or () if _filter(r))
  File "/home/yang/python/python2/h1/local/lib/python2.7/site-packages/scrapy/spiders/crawl.py", line 78, in _parse_response
    for requests_or_item in iterate_spider_output(cb_res):
  File "/home/yang/python/projects/TencentSpider/TencentSpider/spiders/tencent.py", line 31, in parseTencent
    item['positionType'] = each.xpath('./td[2]/text()').extract()[0]
IndexError: list index out of range
2018-05-04 01:58:36 [scrapy.core.scraper] ERROR: Spider error processing <GET https://hr.tencent.com/position.php?&start=3120#a> (referer: https://hr.tencent.com/position.php?&start=3160)
Traceback (most recent call last):
  File "/home/yang/python/python2/h1/local/lib/python2.7/site-packages/scrapy/utils/defer.py", line 102, in iter_errback
    yield next(it)
  File "/home/yang/python/python2/h1/local/lib/python2.7/site-packages/scrapy/spidermiddlewares/offsite.py", line 30, in process_spider_output
    for x in result:
  File "/home/yang/python/python2/h1/local/lib/python2.7/site-packages/scrapy/spidermiddlewares/referer.py", line 339, in <genexpr>
    return (_set_referer(r) for r in result or ())
  File "/home/yang/python/python2/h1/local/lib/python2.7/site-packages/scrapy/spidermiddlewares/urllength.py", line 37, in <genexpr>
    return (r for r in result or () if _filter(r))
  File "/home/yang/python/python2/h1/local/lib/python2.7/site-packages/scrapy/spidermiddlewares/depth.py", line 58, in <genexpr>
    return (r for r in result or () if _filter(r))
  File "/home/yang/python/python2/h1/local/lib/python2.7/site-packages/scrapy/spiders/crawl.py", line 78, in _parse_response
    for requests_or_item in iterate_spider_output(cb_res):
  File "/home/yang/python/projects/TencentSpider/TencentSpider/spiders/tencent.py", line 31, in parseTencent
    item['positionType'] = each.xpath('./td[2]/text()').extract()[0]
IndexError: list index out of range
2018-05-04 01:58:37 [scrapy.core.scraper] ERROR: Spider error processing <GET https://hr.tencent.com/position.php?&start=750#a> (referer: https://hr.tencent.com/position.php?&start=720)
Traceback (most recent call last):
  File "/home/yang/python/python2/h1/local/lib/python2.7/site-packages/scrapy/utils/defer.py", line 102, in iter_errback
    yield next(it)
  File "/home/yang/python/python2/h1/local/lib/python2.7/site-packages/scrapy/spidermiddlewares/offsite.py", line 30, in process_spider_output
    for x in result:
  File "/home/yang/python/python2/h1/local/lib/python2.7/site-packages/scrapy/spidermiddlewares/referer.py", line 339, in <genexpr>
    return (_set_referer(r) for r in result or ())
  File "/home/yang/python/python2/h1/local/lib/python2.7/site-packages/scrapy/spidermiddlewares/urllength.py", line 37, in <genexpr>
    return (r for r in result or () if _filter(r))
  File "/home/yang/python/python2/h1/local/lib/python2.7/site-packages/scrapy/spidermiddlewares/depth.py", line 58, in <genexpr>
    return (r for r in result or () if _filter(r))
  File "/home/yang/python/python2/h1/local/lib/python2.7/site-packages/scrapy/spiders/crawl.py", line 78, in _parse_response
    for requests_or_item in iterate_spider_output(cb_res):
  File "/home/yang/python/projects/TencentSpider/TencentSpider/spiders/tencent.py", line 31, in parseTencent
    item['positionType'] = each.xpath('./td[2]/text()').extract()[0]
IndexError: list index out of range
2018-05-04 01:58:37 [scrapy.core.scraper] ERROR: Spider error processing <GET https://hr.tencent.com/position.php?&start=760#a> (referer: https://hr.tencent.com/position.php?&start=730)
Traceback (most recent call last):
  File "/home/yang/python/python2/h1/local/lib/python2.7/site-packages/scrapy/utils/defer.py", line 102, in iter_errback
    yield next(it)
  File "/home/yang/python/python2/h1/local/lib/python2.7/site-packages/scrapy/spidermiddlewares/offsite.py", line 30, in process_spider_output
    for x in result:
  File "/home/yang/python/python2/h1/local/lib/python2.7/site-packages/scrapy/spidermiddlewares/referer.py", line 339, in <genexpr>
    return (_set_referer(r) for r in result or ())
  File "/home/yang/python/python2/h1/local/lib/python2.7/site-packages/scrapy/spidermiddlewares/urllength.py", line 37, in <genexpr>
    return (r for r in result or () if _filter(r))
  File "/home/yang/python/python2/h1/local/lib/python2.7/site-packages/scrapy/spidermiddlewares/depth.py", line 58, in <genexpr>
    return (r for r in result or () if _filter(r))
  File "/home/yang/python/python2/h1/local/lib/python2.7/site-packages/scrapy/spiders/crawl.py", line 78, in _parse_response
    for requests_or_item in iterate_spider_output(cb_res):
  File "/home/yang/python/projects/TencentSpider/TencentSpider/spiders/tencent.py", line 31, in parseTencent
    item['positionType'] = each.xpath('./td[2]/text()').extract()[0]
IndexError: list index out of range
2018-05-04 01:58:38 [scrapy.core.scraper] ERROR: Spider error processing <GET https://hr.tencent.com/position.php?&start=810#a> (referer: https://hr.tencent.com/position.php?&start=790)
Traceback (most recent call last):
  File "/home/yang/python/python2/h1/local/lib/python2.7/site-packages/scrapy/utils/defer.py", line 102, in iter_errback
    yield next(it)
  File "/home/yang/python/python2/h1/local/lib/python2.7/site-packages/scrapy/spidermiddlewares/offsite.py", line 30, in process_spider_output
    for x in result:
  File "/home/yang/python/python2/h1/local/lib/python2.7/site-packages/scrapy/spidermiddlewares/referer.py", line 339, in <genexpr>
    return (_set_referer(r) for r in result or ())
  File "/home/yang/python/python2/h1/local/lib/python2.7/site-packages/scrapy/spidermiddlewares/urllength.py", line 37, in <genexpr>
    return (r for r in result or () if _filter(r))
  File "/home/yang/python/python2/h1/local/lib/python2.7/site-packages/scrapy/spidermiddlewares/depth.py", line 58, in <genexpr>
    return (r for r in result or () if _filter(r))
  File "/home/yang/python/python2/h1/local/lib/python2.7/site-packages/scrapy/spiders/crawl.py", line 78, in _parse_response
    for requests_or_item in iterate_spider_output(cb_res):
  File "/home/yang/python/projects/TencentSpider/TencentSpider/spiders/tencent.py", line 31, in parseTencent
    item['positionType'] = each.xpath('./td[2]/text()').extract()[0]
IndexError: list index out of range
2018-05-04 01:58:39 [scrapy.core.scraper] ERROR: Spider error processing <GET https://hr.tencent.com/position.php?&start=2770#a> (referer: https://hr.tencent.com/position.php?&start=2810)
Traceback (most recent call last):
  File "/home/yang/python/python2/h1/local/lib/python2.7/site-packages/scrapy/utils/defer.py", line 102, in iter_errback
    yield next(it)
  File "/home/yang/python/python2/h1/local/lib/python2.7/site-packages/scrapy/spidermiddlewares/offsite.py", line 30, in process_spider_output
    for x in result:
  File "/home/yang/python/python2/h1/local/lib/python2.7/site-packages/scrapy/spidermiddlewares/referer.py", line 339, in <genexpr>
    return (_set_referer(r) for r in result or ())
  File "/home/yang/python/python2/h1/local/lib/python2.7/site-packages/scrapy/spidermiddlewares/urllength.py", line 37, in <genexpr>
    return (r for r in result or () if _filter(r))
  File "/home/yang/python/python2/h1/local/lib/python2.7/site-packages/scrapy/spidermiddlewares/depth.py", line 58, in <genexpr>
    return (r for r in result or () if _filter(r))
  File "/home/yang/python/python2/h1/local/lib/python2.7/site-packages/scrapy/spiders/crawl.py", line 78, in _parse_response
    for requests_or_item in iterate_spider_output(cb_res):
  File "/home/yang/python/projects/TencentSpider/TencentSpider/spiders/tencent.py", line 31, in parseTencent
    item['positionType'] = each.xpath('./td[2]/text()').extract()[0]
IndexError: list index out of range
2018-05-04 01:58:40 [scrapy.core.scraper] ERROR: Spider error processing <GET https://hr.tencent.com/position.php?&start=2700#a> (referer: https://hr.tencent.com/position.php?&start=2740)
Traceback (most recent call last):
  File "/home/yang/python/python2/h1/local/lib/python2.7/site-packages/scrapy/utils/defer.py", line 102, in iter_errback
    yield next(it)
  File "/home/yang/python/python2/h1/local/lib/python2.7/site-packages/scrapy/spidermiddlewares/offsite.py", line 30, in process_spider_output
    for x in result:
  File "/home/yang/python/python2/h1/local/lib/python2.7/site-packages/scrapy/spidermiddlewares/referer.py", line 339, in <genexpr>
    return (_set_referer(r) for r in result or ())
  File "/home/yang/python/python2/h1/local/lib/python2.7/site-packages/scrapy/spidermiddlewares/urllength.py", line 37, in <genexpr>
    return (r for r in result or () if _filter(r))
  File "/home/yang/python/python2/h1/local/lib/python2.7/site-packages/scrapy/spidermiddlewares/depth.py", line 58, in <genexpr>
    return (r for r in result or () if _filter(r))
  File "/home/yang/python/python2/h1/local/lib/python2.7/site-packages/scrapy/spiders/crawl.py", line 78, in _parse_response
    for requests_or_item in iterate_spider_output(cb_res):
  File "/home/yang/python/projects/TencentSpider/TencentSpider/spiders/tencent.py", line 31, in parseTencent
    item['positionType'] = each.xpath('./td[2]/text()').extract()[0]
IndexError: list index out of range
2018-05-04 01:58:41 [scrapy.core.scraper] ERROR: Spider error processing <GET https://hr.tencent.com/position.php?&start=1060#a> (referer: https://hr.tencent.com/position.php?&start=1030)
Traceback (most recent call last):
  File "/home/yang/python/python2/h1/local/lib/python2.7/site-packages/scrapy/utils/defer.py", line 102, in iter_errback
    yield next(it)
  File "/home/yang/python/python2/h1/local/lib/python2.7/site-packages/scrapy/spidermiddlewares/offsite.py", line 30, in process_spider_output
    for x in result:
  File "/home/yang/python/python2/h1/local/lib/python2.7/site-packages/scrapy/spidermiddlewares/referer.py", line 339, in <genexpr>
    return (_set_referer(r) for r in result or ())
  File "/home/yang/python/python2/h1/local/lib/python2.7/site-packages/scrapy/spidermiddlewares/urllength.py", line 37, in <genexpr>
    return (r for r in result or () if _filter(r))
  File "/home/yang/python/python2/h1/local/lib/python2.7/site-packages/scrapy/spidermiddlewares/depth.py", line 58, in <genexpr>
    return (r for r in result or () if _filter(r))
  File "/home/yang/python/python2/h1/local/lib/python2.7/site-packages/scrapy/spiders/crawl.py", line 78, in _parse_response
    for requests_or_item in iterate_spider_output(cb_res):
  File "/home/yang/python/projects/TencentSpider/TencentSpider/spiders/tencent.py", line 31, in parseTencent
    item['positionType'] = each.xpath('./td[2]/text()').extract()[0]
IndexError: list index out of range
2018-05-04 01:58:41 [scrapy.core.scraper] ERROR: Spider error processing <GET https://hr.tencent.com/position.php?&start=1090#a> (referer: https://hr.tencent.com/position.php?&start=1070)
Traceback (most recent call last):
  File "/home/yang/python/python2/h1/local/lib/python2.7/site-packages/scrapy/utils/defer.py", line 102, in iter_errback
    yield next(it)
  File "/home/yang/python/python2/h1/local/lib/python2.7/site-packages/scrapy/spidermiddlewares/offsite.py", line 30, in process_spider_output
    for x in result:
  File "/home/yang/python/python2/h1/local/lib/python2.7/site-packages/scrapy/spidermiddlewares/referer.py", line 339, in <genexpr>
    return (_set_referer(r) for r in result or ())
  File "/home/yang/python/python2/h1/local/lib/python2.7/site-packages/scrapy/spidermiddlewares/urllength.py", line 37, in <genexpr>
    return (r for r in result or () if _filter(r))
  File "/home/yang/python/python2/h1/local/lib/python2.7/site-packages/scrapy/spidermiddlewares/depth.py", line 58, in <genexpr>
    return (r for r in result or () if _filter(r))
  File "/home/yang/python/python2/h1/local/lib/python2.7/site-packages/scrapy/spiders/crawl.py", line 78, in _parse_response
    for requests_or_item in iterate_spider_output(cb_res):
  File "/home/yang/python/projects/TencentSpider/TencentSpider/spiders/tencent.py", line 31, in parseTencent
    item['positionType'] = each.xpath('./td[2]/text()').extract()[0]
IndexError: list index out of range
2018-05-04 01:58:41 [scrapy.core.scraper] ERROR: Spider error processing <GET https://hr.tencent.com/position.php?&start=2580#a> (referer: https://hr.tencent.com/position.php?&start=2620)
Traceback (most recent call last):
  File "/home/yang/python/python2/h1/local/lib/python2.7/site-packages/scrapy/utils/defer.py", line 102, in iter_errback
    yield next(it)
  File "/home/yang/python/python2/h1/local/lib/python2.7/site-packages/scrapy/spidermiddlewares/offsite.py", line 30, in process_spider_output
    for x in result:
  File "/home/yang/python/python2/h1/local/lib/python2.7/site-packages/scrapy/spidermiddlewares/referer.py", line 339, in <genexpr>
    return (_set_referer(r) for r in result or ())
  File "/home/yang/python/python2/h1/local/lib/python2.7/site-packages/scrapy/spidermiddlewares/urllength.py", line 37, in <genexpr>
    return (r for r in result or () if _filter(r))
  File "/home/yang/python/python2/h1/local/lib/python2.7/site-packages/scrapy/spidermiddlewares/depth.py", line 58, in <genexpr>
    return (r for r in result or () if _filter(r))
  File "/home/yang/python/python2/h1/local/lib/python2.7/site-packages/scrapy/spiders/crawl.py", line 78, in _parse_response
    for requests_or_item in iterate_spider_output(cb_res):
  File "/home/yang/python/projects/TencentSpider/TencentSpider/spiders/tencent.py", line 31, in parseTencent
    item['positionType'] = each.xpath('./td[2]/text()').extract()[0]
IndexError: list index out of range
2018-05-04 01:58:41 [scrapy.core.scraper] ERROR: Spider error processing <GET https://hr.tencent.com/position.php?&start=2550#a> (referer: https://hr.tencent.com/position.php?&start=2590)
Traceback (most recent call last):
  File "/home/yang/python/python2/h1/local/lib/python2.7/site-packages/scrapy/utils/defer.py", line 102, in iter_errback
    yield next(it)
  File "/home/yang/python/python2/h1/local/lib/python2.7/site-packages/scrapy/spidermiddlewares/offsite.py", line 30, in process_spider_output
    for x in result:
  File "/home/yang/python/python2/h1/local/lib/python2.7/site-packages/scrapy/spidermiddlewares/referer.py", line 339, in <genexpr>
    return (_set_referer(r) for r in result or ())
  File "/home/yang/python/python2/h1/local/lib/python2.7/site-packages/scrapy/spidermiddlewares/urllength.py", line 37, in <genexpr>
    return (r for r in result or () if _filter(r))
  File "/home/yang/python/python2/h1/local/lib/python2.7/site-packages/scrapy/spidermiddlewares/depth.py", line 58, in <genexpr>
    return (r for r in result or () if _filter(r))
  File "/home/yang/python/python2/h1/local/lib/python2.7/site-packages/scrapy/spiders/crawl.py", line 78, in _parse_response
    for requests_or_item in iterate_spider_output(cb_res):
  File "/home/yang/python/projects/TencentSpider/TencentSpider/spiders/tencent.py", line 31, in parseTencent
    item['positionType'] = each.xpath('./td[2]/text()').extract()[0]
IndexError: list index out of range
2018-05-04 01:58:45 [scrapy.core.scraper] ERROR: Spider error processing <GET https://hr.tencent.com/position.php?&start=1390#a> (referer: https://hr.tencent.com/position.php?&start=1360)
Traceback (most recent call last):
  File "/home/yang/python/python2/h1/local/lib/python2.7/site-packages/scrapy/utils/defer.py", line 102, in iter_errback
    yield next(it)
  File "/home/yang/python/python2/h1/local/lib/python2.7/site-packages/scrapy/spidermiddlewares/offsite.py", line 30, in process_spider_output
    for x in result:
  File "/home/yang/python/python2/h1/local/lib/python2.7/site-packages/scrapy/spidermiddlewares/referer.py", line 339, in <genexpr>
    return (_set_referer(r) for r in result or ())
  File "/home/yang/python/python2/h1/local/lib/python2.7/site-packages/scrapy/spidermiddlewares/urllength.py", line 37, in <genexpr>
    return (r for r in result or () if _filter(r))
  File "/home/yang/python/python2/h1/local/lib/python2.7/site-packages/scrapy/spidermiddlewares/depth.py", line 58, in <genexpr>
    return (r for r in result or () if _filter(r))
  File "/home/yang/python/python2/h1/local/lib/python2.7/site-packages/scrapy/spiders/crawl.py", line 78, in _parse_response
    for requests_or_item in iterate_spider_output(cb_res):
  File "/home/yang/python/projects/TencentSpider/TencentSpider/spiders/tencent.py", line 31, in parseTencent
    item['positionType'] = each.xpath('./td[2]/text()').extract()[0]
IndexError: list index out of range
2018-05-04 01:58:45 [scrapy.core.scraper] ERROR: Spider error processing <GET https://hr.tencent.com/position.php?&start=2160#a> (referer: https://hr.tencent.com/position.php?&start=2200)
Traceback (most recent call last):
  File "/home/yang/python/python2/h1/local/lib/python2.7/site-packages/scrapy/utils/defer.py", line 102, in iter_errback
    yield next(it)
  File "/home/yang/python/python2/h1/local/lib/python2.7/site-packages/scrapy/spidermiddlewares/offsite.py", line 30, in process_spider_output
    for x in result:
  File "/home/yang/python/python2/h1/local/lib/python2.7/site-packages/scrapy/spidermiddlewares/referer.py", line 339, in <genexpr>
    return (_set_referer(r) for r in result or ())
  File "/home/yang/python/python2/h1/local/lib/python2.7/site-packages/scrapy/spidermiddlewares/urllength.py", line 37, in <genexpr>
    return (r for r in result or () if _filter(r))
  File "/home/yang/python/python2/h1/local/lib/python2.7/site-packages/scrapy/spidermiddlewares/depth.py", line 58, in <genexpr>
    return (r for r in result or () if _filter(r))
  File "/home/yang/python/python2/h1/local/lib/python2.7/site-packages/scrapy/spiders/crawl.py", line 78, in _parse_response
    for requests_or_item in iterate_spider_output(cb_res):
  File "/home/yang/python/projects/TencentSpider/TencentSpider/spiders/tencent.py", line 31, in parseTencent
    item['positionType'] = each.xpath('./td[2]/text()').extract()[0]
IndexError: list index out of range
2018-05-04 01:58:46 [scrapy.core.scraper] ERROR: Spider error processing <GET https://hr.tencent.com/position.php?&start=2050#a> (referer: https://hr.tencent.com/position.php?&start=2090)
Traceback (most recent call last):
  File "/home/yang/python/python2/h1/local/lib/python2.7/site-packages/scrapy/utils/defer.py", line 102, in iter_errback
    yield next(it)
  File "/home/yang/python/python2/h1/local/lib/python2.7/site-packages/scrapy/spidermiddlewares/offsite.py", line 30, in process_spider_output
    for x in result:
  File "/home/yang/python/python2/h1/local/lib/python2.7/site-packages/scrapy/spidermiddlewares/referer.py", line 339, in <genexpr>
    return (_set_referer(r) for r in result or ())
  File "/home/yang/python/python2/h1/local/lib/python2.7/site-packages/scrapy/spidermiddlewares/urllength.py", line 37, in <genexpr>
    return (r for r in result or () if _filter(r))
  File "/home/yang/python/python2/h1/local/lib/python2.7/site-packages/scrapy/spidermiddlewares/depth.py", line 58, in <genexpr>
    return (r for r in result or () if _filter(r))
  File "/home/yang/python/python2/h1/local/lib/python2.7/site-packages/scrapy/spiders/crawl.py", line 78, in _parse_response
    for requests_or_item in iterate_spider_output(cb_res):
  File "/home/yang/python/projects/TencentSpider/TencentSpider/spiders/tencent.py", line 31, in parseTencent
    item['positionType'] = each.xpath('./td[2]/text()').extract()[0]
IndexError: list index out of range
2018-05-04 01:58:46 [scrapy.core.scraper] ERROR: Spider error processing <GET https://hr.tencent.com/position.php?&start=2040#a> (referer: https://hr.tencent.com/position.php?&start=2070)
Traceback (most recent call last):
  File "/home/yang/python/python2/h1/local/lib/python2.7/site-packages/scrapy/utils/defer.py", line 102, in iter_errback
    yield next(it)
  File "/home/yang/python/python2/h1/local/lib/python2.7/site-packages/scrapy/spidermiddlewares/offsite.py", line 30, in process_spider_output
    for x in result:
  File "/home/yang/python/python2/h1/local/lib/python2.7/site-packages/scrapy/spidermiddlewares/referer.py", line 339, in <genexpr>
    return (_set_referer(r) for r in result or ())
  File "/home/yang/python/python2/h1/local/lib/python2.7/site-packages/scrapy/spidermiddlewares/urllength.py", line 37, in <genexpr>
    return (r for r in result or () if _filter(r))
  File "/home/yang/python/python2/h1/local/lib/python2.7/site-packages/scrapy/spidermiddlewares/depth.py", line 58, in <genexpr>
    return (r for r in result or () if _filter(r))
  File "/home/yang/python/python2/h1/local/lib/python2.7/site-packages/scrapy/spiders/crawl.py", line 78, in _parse_response
    for requests_or_item in iterate_spider_output(cb_res):
  File "/home/yang/python/projects/TencentSpider/TencentSpider/spiders/tencent.py", line 31, in parseTencent
    item['positionType'] = each.xpath('./td[2]/text()').extract()[0]
IndexError: list index out of range
2018-05-04 01:58:47 [scrapy.core.scraper] ERROR: Spider error processing <GET https://hr.tencent.com/position.php?&start=1950#a> (referer: https://hr.tencent.com/position.php?&start=1990)
Traceback (most recent call last):
  File "/home/yang/python/python2/h1/local/lib/python2.7/site-packages/scrapy/utils/defer.py", line 102, in iter_errback
    yield next(it)
  File "/home/yang/python/python2/h1/local/lib/python2.7/site-packages/scrapy/spidermiddlewares/offsite.py", line 30, in process_spider_output
    for x in result:
  File "/home/yang/python/python2/h1/local/lib/python2.7/site-packages/scrapy/spidermiddlewares/referer.py", line 339, in <genexpr>
    return (_set_referer(r) for r in result or ())
  File "/home/yang/python/python2/h1/local/lib/python2.7/site-packages/scrapy/spidermiddlewares/urllength.py", line 37, in <genexpr>
    return (r for r in result or () if _filter(r))
  File "/home/yang/python/python2/h1/local/lib/python2.7/site-packages/scrapy/spidermiddlewares/depth.py", line 58, in <genexpr>
    return (r for r in result or () if _filter(r))
  File "/home/yang/python/python2/h1/local/lib/python2.7/site-packages/scrapy/spiders/crawl.py", line 78, in _parse_response
    for requests_or_item in iterate_spider_output(cb_res):
  File "/home/yang/python/projects/TencentSpider/TencentSpider/spiders/tencent.py", line 31, in parseTencent
    item['positionType'] = each.xpath('./td[2]/text()').extract()[0]
IndexError: list index out of range
2018-05-04 01:58:48 [scrapy.core.scraper] ERROR: Spider error processing <GET https://hr.tencent.com/position.php?&start=1620#a> (referer: https://hr.tencent.com/position.php?&start=1590)
Traceback (most recent call last):
  File "/home/yang/python/python2/h1/local/lib/python2.7/site-packages/scrapy/utils/defer.py", line 102, in iter_errback
    yield next(it)
  File "/home/yang/python/python2/h1/local/lib/python2.7/site-packages/scrapy/spidermiddlewares/offsite.py", line 30, in process_spider_output
    for x in result:
  File "/home/yang/python/python2/h1/local/lib/python2.7/site-packages/scrapy/spidermiddlewares/referer.py", line 339, in <genexpr>
    return (_set_referer(r) for r in result or ())
  File "/home/yang/python/python2/h1/local/lib/python2.7/site-packages/scrapy/spidermiddlewares/urllength.py", line 37, in <genexpr>
    return (r for r in result or () if _filter(r))
  File "/home/yang/python/python2/h1/local/lib/python2.7/site-packages/scrapy/spidermiddlewares/depth.py", line 58, in <genexpr>
    return (r for r in result or () if _filter(r))
  File "/home/yang/python/python2/h1/local/lib/python2.7/site-packages/scrapy/spiders/crawl.py", line 78, in _parse_response
    for requests_or_item in iterate_spider_output(cb_res):
  File "/home/yang/python/projects/TencentSpider/TencentSpider/spiders/tencent.py", line 31, in parseTencent
    item['positionType'] = each.xpath('./td[2]/text()').extract()[0]
IndexError: list index out of range
2018-05-04 01:58:49 [scrapy.core.engine] INFO: Closing spider (finished)
2018-05-04 01:58:49 [scrapy.statscollectors] INFO: Dumping Scrapy stats:
{'downloader/request_bytes': 160306,
 'downloader/request_count': 395,
 'downloader/request_method_count/GET': 395,
 'downloader/response_bytes': 1543125,
 'downloader/response_count': 395,
 'downloader/response_status_count/200': 395,
 'dupefilter/filtered': 2540,
 'finish_reason': 'finished',
 'finish_time': datetime.datetime(2018, 5, 4, 8, 58, 49, 655723),
 'item_scraped_count': 3769,
 'log_count/ERROR': 27,
 'log_count/INFO': 7,
 'memusage/max': 52019200,
 'memusage/startup': 52019200,
 'request_depth_max': 58,
 'response_received_count': 395,
 'scheduler/dequeued': 394,
 'scheduler/dequeued/memory': 394,
 'scheduler/enqueued': 394,
 'scheduler/enqueued/memory': 394,
 'spider_exceptions/IndexError': 27,
 'start_time': datetime.datetime(2018, 5, 4, 8, 58, 27, 777353)}
2018-05-04 01:58:49 [scrapy.core.engine] INFO: Spider closed (finished)
